[2021-08-16T19:34:48.055] [ERROR] errors - Error: Invalid login: 535-5.7.8 Username and Password not accepted. Learn more at
535 5.7.8  https://support.google.com/mail/?p=BadCredentials k3sm194485pfc.16 - gsmtp
    at SMTPConnection._formatError (C:\Users\sotec\Desktop\CoderHouse\EcommerceProyectoFinal\node_modules\nodemailer\lib\smtp-connection\index.js:605:19)
    at SMTPConnection._actionAUTHComplete (C:\Users\sotec\Desktop\CoderHouse\EcommerceProyectoFinal\node_modules\nodemailer\lib\smtp-connection\index.js:1340:34)
    at SMTPConnection.<anonymous> (C:\Users\sotec\Desktop\CoderHouse\EcommerceProyectoFinal\node_modules\nodemailer\lib\smtp-connection\index.js:378:26)
    at SMTPConnection._processResponse (C:\Users\sotec\Desktop\CoderHouse\EcommerceProyectoFinal\node_modules\nodemailer\lib\smtp-connection\index.js:764:20)
    at SMTPConnection._onData (C:\Users\sotec\Desktop\CoderHouse\EcommerceProyectoFinal\node_modules\nodemailer\lib\smtp-connection\index.js:570:14)
    at TLSSocket.<anonymous> (C:\Users\sotec\Desktop\CoderHouse\EcommerceProyectoFinal\node_modules\nodemailer\lib\smtp-connection\index.js:522:47)
    at TLSSocket.emit (events.js:315:20)
    at addChunk (internal/streams/readable.js:309:12)
    at readableAddChunk (internal/streams/readable.js:284:9)
    at TLSSocket.Readable.push (internal/streams/readable.js:223:10)
    at TLSWrap.onStreamRead (internal/stream_base_commons.js:188:23) {
  code: 'EAUTH',
  response: '535-5.7.8 Username and Password not accepted. Learn more at\n' +
    '535 5.7.8  https://support.google.com/mail/?p=BadCredentials k3sm194485pfc.16 - gsmtp',
  responseCode: 535,
  command: 'AUTH PLAIN'
}
[2021-08-16T19:36:40.916] [ERROR] errors - Error: Invalid login: 535-5.7.8 Username and Password not accepted. Learn more at
535 5.7.8  https://support.google.com/mail/?p=BadCredentials d18sm214776pgk.24 - gsmtp
    at SMTPConnection._formatError (C:\Users\sotec\Desktop\CoderHouse\EcommerceProyectoFinal\node_modules\nodemailer\lib\smtp-connection\index.js:605:19)
    at SMTPConnection._actionAUTHComplete (C:\Users\sotec\Desktop\CoderHouse\EcommerceProyectoFinal\node_modules\nodemailer\lib\smtp-connection\index.js:1340:34)
    at SMTPConnection.<anonymous> (C:\Users\sotec\Desktop\CoderHouse\EcommerceProyectoFinal\node_modules\nodemailer\lib\smtp-connection\index.js:378:26)
    at SMTPConnection._processResponse (C:\Users\sotec\Desktop\CoderHouse\EcommerceProyectoFinal\node_modules\nodemailer\lib\smtp-connection\index.js:764:20)
    at SMTPConnection._onData (C:\Users\sotec\Desktop\CoderHouse\EcommerceProyectoFinal\node_modules\nodemailer\lib\smtp-connection\index.js:570:14)
    at TLSSocket.<anonymous> (C:\Users\sotec\Desktop\CoderHouse\EcommerceProyectoFinal\node_modules\nodemailer\lib\smtp-connection\index.js:522:47)
    at TLSSocket.emit (events.js:315:20)
    at addChunk (internal/streams/readable.js:309:12)
    at readableAddChunk (internal/streams/readable.js:284:9)
    at TLSSocket.Readable.push (internal/streams/readable.js:223:10)
    at TLSWrap.onStreamRead (internal/stream_base_commons.js:188:23) {
  code: 'EAUTH',
  response: '535-5.7.8 Username and Password not accepted. Learn more at\n' +
    '535 5.7.8  https://support.google.com/mail/?p=BadCredentials d18sm214776pgk.24 - gsmtp',
  responseCode: 535,
  command: 'AUTH PLAIN'
}
[2021-08-16T19:41:26.817] [ERROR] errors - Error: Invalid login: 535-5.7.8 Username and Password not accepted. Learn more at
535 5.7.8  https://support.google.com/mail/?p=BadCredentials y3sm203484pgc.67 - gsmtp
    at SMTPConnection._formatError (C:\Users\sotec\Desktop\CoderHouse\EcommerceProyectoFinal\node_modules\nodemailer\lib\smtp-connection\index.js:605:19)
    at SMTPConnection._actionAUTHComplete (C:\Users\sotec\Desktop\CoderHouse\EcommerceProyectoFinal\node_modules\nodemailer\lib\smtp-connection\index.js:1340:34)
    at SMTPConnection.<anonymous> (C:\Users\sotec\Desktop\CoderHouse\EcommerceProyectoFinal\node_modules\nodemailer\lib\smtp-connection\index.js:378:26)
    at SMTPConnection._processResponse (C:\Users\sotec\Desktop\CoderHouse\EcommerceProyectoFinal\node_modules\nodemailer\lib\smtp-connection\index.js:764:20)
    at SMTPConnection._onData (C:\Users\sotec\Desktop\CoderHouse\EcommerceProyectoFinal\node_modules\nodemailer\lib\smtp-connection\index.js:570:14)
    at TLSSocket.<anonymous> (C:\Users\sotec\Desktop\CoderHouse\EcommerceProyectoFinal\node_modules\nodemailer\lib\smtp-connection\index.js:522:47)
    at TLSSocket.emit (events.js:315:20)
    at addChunk (internal/streams/readable.js:309:12)
    at readableAddChunk (internal/streams/readable.js:284:9)
    at TLSSocket.Readable.push (internal/streams/readable.js:223:10)
    at TLSWrap.onStreamRead (internal/stream_base_commons.js:188:23) {
  code: 'EAUTH',
  response: '535-5.7.8 Username and Password not accepted. Learn more at\n' +
    '535 5.7.8  https://support.google.com/mail/?p=BadCredentials y3sm203484pgc.67 - gsmtp',
  responseCode: 535,
  command: 'AUTH PLAIN'
}
[2021-08-16T19:53:44.897] [ERROR] errors - Error: Invalid login: 535-5.7.8 Username and Password not accepted. Learn more at
535 5.7.8  https://support.google.com/mail/?p=BadCredentials l2sm194581pfc.157 - gsmtp
    at SMTPConnection._formatError (C:\Users\sotec\Desktop\CoderHouse\EcommerceProyectoFinal\node_modules\nodemailer\lib\smtp-connection\index.js:605:19)
    at SMTPConnection._actionAUTHComplete (C:\Users\sotec\Desktop\CoderHouse\EcommerceProyectoFinal\node_modules\nodemailer\lib\smtp-connection\index.js:1340:34)
    at SMTPConnection.<anonymous> (C:\Users\sotec\Desktop\CoderHouse\EcommerceProyectoFinal\node_modules\nodemailer\lib\smtp-connection\index.js:378:26)
    at SMTPConnection._processResponse (C:\Users\sotec\Desktop\CoderHouse\EcommerceProyectoFinal\node_modules\nodemailer\lib\smtp-connection\index.js:764:20)
    at SMTPConnection._onData (C:\Users\sotec\Desktop\CoderHouse\EcommerceProyectoFinal\node_modules\nodemailer\lib\smtp-connection\index.js:570:14)
    at TLSSocket.<anonymous> (C:\Users\sotec\Desktop\CoderHouse\EcommerceProyectoFinal\node_modules\nodemailer\lib\smtp-connection\index.js:522:47)
    at TLSSocket.emit (events.js:315:20)
    at addChunk (internal/streams/readable.js:309:12)
    at readableAddChunk (internal/streams/readable.js:284:9)
    at TLSSocket.Readable.push (internal/streams/readable.js:223:10)
    at TLSWrap.onStreamRead (internal/stream_base_commons.js:188:23) {
  code: 'EAUTH',
  response: '535-5.7.8 Username and Password not accepted. Learn more at\n' +
    '535 5.7.8  https://support.google.com/mail/?p=BadCredentials l2sm194581pfc.157 - gsmtp',
  responseCode: 535,
  command: 'AUTH PLAIN'
}
[2021-08-16T19:56:00.577] [ERROR] errors - Error: Invalid login: 535-5.7.8 Username and Password not accepted. Learn more at
535 5.7.8  https://support.google.com/mail/?p=BadCredentials z1sm226416pfg.18 - gsmtp
    at SMTPConnection._formatError (C:\Users\sotec\Desktop\CoderHouse\EcommerceProyectoFinal\node_modules\nodemailer\lib\smtp-connection\index.js:605:19)
    at SMTPConnection._actionAUTHComplete (C:\Users\sotec\Desktop\CoderHouse\EcommerceProyectoFinal\node_modules\nodemailer\lib\smtp-connection\index.js:1340:34)
    at SMTPConnection.<anonymous> (C:\Users\sotec\Desktop\CoderHouse\EcommerceProyectoFinal\node_modules\nodemailer\lib\smtp-connection\index.js:378:26)
    at SMTPConnection._processResponse (C:\Users\sotec\Desktop\CoderHouse\EcommerceProyectoFinal\node_modules\nodemailer\lib\smtp-connection\index.js:764:20)
    at SMTPConnection._onData (C:\Users\sotec\Desktop\CoderHouse\EcommerceProyectoFinal\node_modules\nodemailer\lib\smtp-connection\index.js:570:14)
    at TLSSocket.<anonymous> (C:\Users\sotec\Desktop\CoderHouse\EcommerceProyectoFinal\node_modules\nodemailer\lib\smtp-connection\index.js:522:47)
    at TLSSocket.emit (events.js:315:20)
    at addChunk (internal/streams/readable.js:309:12)
    at readableAddChunk (internal/streams/readable.js:284:9)
    at TLSSocket.Readable.push (internal/streams/readable.js:223:10)
    at TLSWrap.onStreamRead (internal/stream_base_commons.js:188:23) {
  code: 'EAUTH',
  response: '535-5.7.8 Username and Password not accepted. Learn more at\n' +
    '535 5.7.8  https://support.google.com/mail/?p=BadCredentials z1sm226416pfg.18 - gsmtp',
  responseCode: 535,
  command: 'AUTH PLAIN'
}
[2021-08-16T19:57:10.798] [ERROR] errors - Error: Invalid login: 535-5.7.8 Username and Password not accepted. Learn more at
535 5.7.8  https://support.google.com/mail/?p=BadCredentials a17sm209038pff.30 - gsmtp
    at SMTPConnection._formatError (C:\Users\sotec\Desktop\CoderHouse\EcommerceProyectoFinal\node_modules\nodemailer\lib\smtp-connection\index.js:605:19)
    at SMTPConnection._actionAUTHComplete (C:\Users\sotec\Desktop\CoderHouse\EcommerceProyectoFinal\node_modules\nodemailer\lib\smtp-connection\index.js:1340:34)
    at SMTPConnection.<anonymous> (C:\Users\sotec\Desktop\CoderHouse\EcommerceProyectoFinal\node_modules\nodemailer\lib\smtp-connection\index.js:378:26)
    at SMTPConnection._processResponse (C:\Users\sotec\Desktop\CoderHouse\EcommerceProyectoFinal\node_modules\nodemailer\lib\smtp-connection\index.js:764:20)
    at SMTPConnection._onData (C:\Users\sotec\Desktop\CoderHouse\EcommerceProyectoFinal\node_modules\nodemailer\lib\smtp-connection\index.js:570:14)
    at TLSSocket.<anonymous> (C:\Users\sotec\Desktop\CoderHouse\EcommerceProyectoFinal\node_modules\nodemailer\lib\smtp-connection\index.js:522:47)
    at TLSSocket.emit (events.js:315:20)
    at addChunk (internal/streams/readable.js:309:12)
    at readableAddChunk (internal/streams/readable.js:284:9)
    at TLSSocket.Readable.push (internal/streams/readable.js:223:10)
    at TLSWrap.onStreamRead (internal/stream_base_commons.js:188:23) {
  code: 'EAUTH',
  response: '535-5.7.8 Username and Password not accepted. Learn more at\n' +
    '535 5.7.8  https://support.google.com/mail/?p=BadCredentials a17sm209038pff.30 - gsmtp',
  responseCode: 535,
  command: 'AUTH PLAIN'
}
